# JRE version: Java(TM) SE Runtime Environment (25.0.1+8) (build 25.0.1+8-LTS-27)
# Java VM: Java HotSpot(TM) 64-Bit Server VM (25.0.1+8-LTS-27, mixed mode, emulated-client, sharing, tiered, compressed oops, compressed class ptrs, g1 gc, windows-amd64)
GC Precious Log:
 CardTable entry size: 512
 Card Set container configuration: InlinePtr #cards 5 size 8 Array Of Cards #cards 10 size 36 Howl #buckets 4 coarsen threshold 1843 Howl Bitmap #cards 512 size 80 coarsen threshold 460 Card regions per heap region 1 cards per card region 2048
 CPUs: 8 total, 8 available
 Memory: 7930M
 Large Page Support: Disabled
 NUMA Support: Disabled
 Compressed Oops: Enabled (32-bit)
 Heap Region Size: 1M
 Heap Min Capacity: 8M
 Heap Initial Capacity: 124M
 Heap Max Capacity: 1984M
 Pre-touch: Disabled
 Parallel Workers: 8
 Concurrent Workers: 2
 Concurrent Refinement Workers: 8
 Periodic GC: Disabled
Heap:
 garbage-first heap   total reserved 2031616K, committed 326656K, used 143724K [0x0000000084000000, 0x0000000100000000)
  region size 1024K, 20 young (20480K), 14 survivors (14336K)
GC Heap Usage History (20 events):
Event: 37.148 {heap Before GC invocations=22 (full 0):
 garbage-first heap   total reserved 2031616K, committed 101376K, used 85179K [0x0000000084000000, 0x0000000100000000)
  region size 1024K, 22 young (22528K), 2 survivors (2048K)
}
Event: 37.158 {heap After GC invocations=23 (full 0):
 garbage-first heap   total reserved 2031616K, committed 101376K, used 71283K [0x0000000084000000, 0x0000000100000000)
  region size 1024K, 3 young (3072K), 3 survivors (3072K)
}
Event: 37.269 {heap Before GC invocations=23 (full 0):
 garbage-first heap   total reserved 2031616K, committed 101376K, used 86643K [0x0000000084000000, 0x0000000100000000)
  region size 1024K, 18 young (18432K), 3 survivors (3072K)
}
Event: 37.277 {heap After GC invocations=24 (full 0):
 garbage-first heap   total reserved 2031616K, committed 197632K, used 75776K [0x0000000084000000, 0x0000000100000000)
  region size 1024K, 3 young (3072K), 3 survivors (3072K)
}
Event: 37.775 {heap Before GC invocations=25 (full 0):
 garbage-first heap   total reserved 2031616K, committed 197632K, used 149504K [0x0000000084000000, 0x0000000100000000)
  region size 1024K, 76 young (77824K), 3 survivors (3072K)
}
Event: 37.784 {heap After GC invocations=26 (full 0):
 garbage-first heap   total reserved 2031616K, committed 197632K, used 79872K [0x0000000084000000, 0x0000000100000000)
  region size 1024K, 8 young (8192K), 8 survivors (8192K)
}
Event: 38.239 {heap Before GC invocations=26 (full 0):
 garbage-first heap   total reserved 2031616K, committed 197632K, used 162816K [0x0000000084000000, 0x0000000100000000)
  region size 1024K, 88 young (90112K), 8 survivors (8192K)
}
Event: 38.271 {heap After GC invocations=27 (full 0):
 garbage-first heap   total reserved 2031616K, committed 205824K, used 113492K [0x0000000084000000, 0x0000000100000000)
  region size 1024K, 11 young (11264K), 11 survivors (11264K)
}
Event: 38.284 {heap Before GC invocations=27 (full 0):
 garbage-first heap   total reserved 2031616K, committed 205824K, used 115540K [0x0000000084000000, 0x0000000100000000)
  region size 1024K, 14 young (14336K), 11 survivors (11264K)
}
Event: 38.294 {heap After GC invocations=28 (full 0):
 garbage-first heap   total reserved 2031616K, committed 205824K, used 116725K [0x0000000084000000, 0x0000000100000000)
  region size 1024K, 2 young (2048K), 2 survivors (2048K)
}
Event: 38.609 {heap Before GC invocations=29 (full 0):
 garbage-first heap   total reserved 2031616K, committed 205824K, used 158709K [0x0000000084000000, 0x0000000100000000)
  region size 1024K, 48 young (49152K), 2 survivors (2048K)
}
Event: 38.623 {heap After GC invocations=30 (full 0):
 garbage-first heap   total reserved 2031616K, committed 205824K, used 127678K [0x0000000084000000, 0x0000000100000000)
  region size 1024K, 6 young (6144K), 6 survivors (6144K)
}
Event: 38.850 {heap Before GC invocations=30 (full 0):
 garbage-first heap   total reserved 2031616K, committed 205824K, used 168638K [0x0000000084000000, 0x0000000100000000)
  region size 1024K, 46 young (47104K), 6 survivors (6144K)
}
Event: 38.871 {heap After GC invocations=31 (full 0):
 garbage-first heap   total reserved 2031616K, committed 205824K, used 123904K [0x0000000084000000, 0x0000000100000000)
  region size 1024K, 6 young (6144K), 6 survivors (6144K)
}
Event: 38.922 {heap Before GC invocations=31 (full 0):
 garbage-first heap   total reserved 2031616K, committed 205824K, used 133120K [0x0000000084000000, 0x0000000100000000)
  region size 1024K, 16 young (16384K), 6 survivors (6144K)
}
Event: 38.935 {heap After GC invocations=32 (full 0):
 garbage-first heap   total reserved 2031616K, committed 326656K, used 130140K [0x0000000084000000, 0x0000000100000000)
  region size 1024K, 5 young (5120K), 5 survivors (5120K)
}
Event: 40.186 {heap Before GC invocations=33 (full 0):
 garbage-first heap   total reserved 2031616K, committed 326656K, used 232540K [0x0000000084000000, 0x0000000100000000)
  region size 1024K, 103 young (105472K), 5 survivors (5120K)
}
Event: 40.201 {heap After GC invocations=34 (full 0):
 garbage-first heap   total reserved 2031616K, committed 326656K, used 135104K [0x0000000084000000, 0x0000000100000000)
  region size 1024K, 8 young (8192K), 8 survivors (8192K)
}
Event: 44.026 {heap Before GC invocations=34 (full 0):
 garbage-first heap   total reserved 2031616K, committed 326656K, used 235456K [0x0000000084000000, 0x0000000100000000)
  region size 1024K, 107 young (109568K), 8 survivors (8192K)
}
Event: 44.048 {heap After GC invocations=35 (full 0):
 garbage-first heap   total reserved 2031616K, committed 326656K, used 138604K [0x0000000084000000, 0x0000000100000000)
  region size 1024K, 14 young (14336K), 14 survivors (14336K)
}

